<?xml version="1.0" encoding="utf-8"?>
<TestRun id="96e667da-f8ae-462d-b850-7f0117ee9a65" name="runneradmin@fv-az1435-464 2025-04-05 12:35:19" runUser="fv-az1435-464\runneradmin" xmlns="http://microsoft.com/schemas/VisualStudio/TeamTest/2010">
  <Times creation="2025-04-05T12:35:19.6846234+00:00" queuing="2025-04-05T12:35:19.6846237+00:00" start="2025-04-05T12:35:08.4908003+00:00" finish="2025-04-05T12:35:19.6895091+00:00" />
  <TestSettings name="default" id="20f64227-e7b5-4a42-b7d2-0f5e49701de9">
    <Deployment runDeploymentRoot="runneradmin_fv-az1435-464_2025-04-05_12_35_19" />
  </TestSettings>
  <Results>
    <UnitTestResult executionId="cb21c3e4-8ba9-4f5f-a439-96a788b7af89" testId="91890cfa-7f64-77bd-5aed-c436b1887e3a" testName="TestMyMiddlewareIntegration (100)" computerName="fv-az1435-464" duration="00:00:09.7420844" startTime="2025-04-05T12:35:08.9616197+00:00" endTime="2025-04-05T12:35:19.6154653+00:00" testType="13cdc9d9-ddb5-4fa4-a97d-d965ccfc6d4b" outcome="Passed" testListId="8c84fa94-04c1-424b-9868-57a2d4851a1d" relativeResultsDirectory="cb21c3e4-8ba9-4f5f-a439-96a788b7af89">
      <Output>
        <StdOut>dbug: Microsoft.Extensions.Hosting.Internal.Host[1]&#xD;
      Hosting starting&#xD;
dbug: Microsoft.AspNetCore.HostFiltering.HostFilteringMiddleware[7]&#xD;
      Middleware configuration started with options: {AllowedHosts = *, AllowEmptyHosts = True, IncludeFailureMessage = True}&#xD;
dbug: Microsoft.AspNetCore.HostFiltering.HostFilteringMiddleware[0]&#xD;
      Wildcard detected, all requests with hosts will be allowed.&#xD;
warn: Microsoft.AspNetCore.Server.Kestrel.Core.KestrelServer[8]&#xD;
      The ASP.NET Core developer certificate is not trusted. For information about trusting the ASP.NET Core developer certificate, see https://aka.ms/aspnet/https-trust-dev-cert&#xD;
info: Microsoft.Hosting.Lifetime[14]&#xD;
      Now listening on: https://localhost:5425&#xD;
dbug: Microsoft.AspNetCore.Hosting.Diagnostics[13]&#xD;
      Loaded hosting startup assembly testhost&#xD;
info: Microsoft.Hosting.Lifetime[0]&#xD;
      Application started. Press Ctrl+C to shut down.&#xD;
info: Microsoft.Hosting.Lifetime[0]&#xD;
      Hosting environment: Production&#xD;
info: Microsoft.Hosting.Lifetime[0]&#xD;
      Content root path: D:\a\BlackBytesBox.Routed.GitBackend\BlackBytesBox.Routed.GitBackend\source\BlackBytesBox.Routed.GitBackend\BlackBytesBox.Routed.GitBackend.Tests\bin\Release\net9.0&#xD;
dbug: Microsoft.Extensions.Hosting.Internal.Host[2]&#xD;
      Hosting started&#xD;
dbug: Microsoft.AspNetCore.Server.Kestrel.Connections[39]&#xD;
      Connection id "0HNBK7P6UI616" accepted.&#xD;
dbug: Microsoft.AspNetCore.Server.Kestrel.Connections[1]&#xD;
      Connection id "0HNBK7P6UI616" started.&#xD;
dbug: Microsoft.AspNetCore.Server.Kestrel.Https.Internal.HttpsConnectionMiddleware[3]&#xD;
      Connection 0HNBK7P6UI616 established using the following protocol: Tls13&#xD;
info: Microsoft.AspNetCore.Hosting.Diagnostics[1]&#xD;
      Request starting HTTP/1.1 GET https://localhost:5425/gitrepos/MasterProject.git/info/refs?service=git-upload-pack - - -&#xD;
trce: Microsoft.AspNetCore.HostFiltering.HostFilteringMiddleware[2]&#xD;
      All hosts are allowed.&#xD;
dbug: Microsoft.AspNetCore.Server.Kestrel.Connections[9]&#xD;
      Connection id "0HNBK7P6UI616" completed keep alive response.&#xD;
info: Microsoft.AspNetCore.Hosting.Diagnostics[2]&#xD;
      Request finished HTTP/1.1 GET https://localhost:5425/gitrepos/MasterProject.git/info/refs?service=git-upload-pack - 401 - - 10.9494ms&#xD;
info: Microsoft.AspNetCore.Hosting.Diagnostics[1]&#xD;
      Request starting HTTP/1.1 GET https://localhost:5425/gitrepos/MasterProject.git/info/refs?service=git-upload-pack - - -&#xD;
trce: Microsoft.AspNetCore.HostFiltering.HostFilteringMiddleware[2]&#xD;
      All hosts are allowed.&#xD;
dbug: Microsoft.AspNetCore.Server.Kestrel.Connections[9]&#xD;
      Connection id "0HNBK7P6UI616" completed keep alive response.&#xD;
info: Microsoft.AspNetCore.Hosting.Diagnostics[2]&#xD;
      Request finished HTTP/1.1 GET https://localhost:5425/gitrepos/MasterProject.git/info/refs?service=git-upload-pack - 200 - application/x-git-upload-pack-advertisement 651.5691ms&#xD;
dbug: Microsoft.AspNetCore.Server.Kestrel.Connections[39]&#xD;
      Connection id "0HNBK7P6UI617" accepted.&#xD;
dbug: Microsoft.AspNetCore.Server.Kestrel.Connections[1]&#xD;
      Connection id "0HNBK7P6UI617" started.&#xD;
dbug: Microsoft.AspNetCore.Server.Kestrel.Https.Internal.HttpsConnectionMiddleware[3]&#xD;
      Connection 0HNBK7P6UI617 established using the following protocol: Tls13&#xD;
info: Microsoft.AspNetCore.Hosting.Diagnostics[1]&#xD;
      Request starting HTTP/1.1 HEAD https://localhost:5425/ - - -&#xD;
trce: Microsoft.AspNetCore.HostFiltering.HostFilteringMiddleware[2]&#xD;
      All hosts are allowed.&#xD;
dbug: Microsoft.AspNetCore.Server.Kestrel.Connections[9]&#xD;
      Connection id "0HNBK7P6UI617" completed keep alive response.&#xD;
info: Microsoft.AspNetCore.Hosting.Diagnostics[2]&#xD;
      Request finished HTTP/1.1 HEAD https://localhost:5425/ - 404 - - 0.4125ms&#xD;
info: Microsoft.AspNetCore.Hosting.Diagnostics[16]&#xD;
      Request reached the end of the middleware pipeline without being handled by application code. Request path: HEAD https://localhost:5425/, Response status code: 404&#xD;
dbug: Microsoft.AspNetCore.Server.Kestrel.Transport.Sockets[6]&#xD;
      Connection id "0HNBK7P6UI617" received FIN.&#xD;
dbug: Microsoft.AspNetCore.Server.Kestrel.Transport.Sockets[7]&#xD;
      Connection id "0HNBK7P6UI617" sending FIN because: "The Socket transport's send loop completed gracefully."&#xD;
dbug: Microsoft.AspNetCore.Server.Kestrel.Connections[10]&#xD;
      Connection id "0HNBK7P6UI617" disconnecting.&#xD;
dbug: Microsoft.AspNetCore.Server.Kestrel.Connections[2]&#xD;
      Connection id "0HNBK7P6UI617" stopped.&#xD;
dbug: Microsoft.AspNetCore.Server.Kestrel.Transport.Sockets[6]&#xD;
      Connection id "0HNBK7P6UI616" received FIN.&#xD;
dbug: Microsoft.AspNetCore.Server.Kestrel.Transport.Sockets[7]&#xD;
      Connection id "0HNBK7P6UI616" sending FIN because: "The Socket transport's send loop completed gracefully."&#xD;
dbug: Microsoft.AspNetCore.Server.Kestrel.Connections[10]&#xD;
      Connection id "0HNBK7P6UI616" disconnecting.&#xD;
dbug: Microsoft.AspNetCore.Server.Kestrel.Connections[2]&#xD;
      Connection id "0HNBK7P6UI616" stopped.&#xD;
dbug: Microsoft.Extensions.Hosting.Internal.Host[3]&#xD;
      Hosting stopping&#xD;
info: Microsoft.Hosting.Lifetime[0]&#xD;
      Application is shutting down...&#xD;
dbug: Microsoft.Extensions.Hosting.Internal.Host[4]&#xD;
      Hosting stopped</StdOut>
      </Output>
    </UnitTestResult>
  </Results>
  <TestDefinitions>
    <UnitTest name="TestMyMiddlewareIntegration (100)" storage="d:\a\blackbytesbox.routed.gitbackend\blackbytesbox.routed.gitbackend\source\blackbytesbox.routed.gitbackend\blackbytesbox.routed.gitbackend.tests\bin\release\net9.0\blackbytesbox.routed.gitbackend.tests.dll" id="91890cfa-7f64-77bd-5aed-c436b1887e3a">
      <Execution id="cb21c3e4-8ba9-4f5f-a439-96a788b7af89" />
      <TestMethod codeBase="D:\a\BlackBytesBox.Routed.GitBackend\BlackBytesBox.Routed.GitBackend\source\BlackBytesBox.Routed.GitBackend\BlackBytesBox.Routed.GitBackend.Tests\bin\Release\net9.0\BlackBytesBox.Routed.GitBackend.Tests.dll" adapterTypeName="executor://mstestadapter/v2" className="BlackBytesBox.Routed.GitBackend.Tests.MyMiddlewareIntegrationTests" name="TestMyMiddlewareIntegration" />
    </UnitTest>
  </TestDefinitions>
  <TestEntries>
    <TestEntry testId="91890cfa-7f64-77bd-5aed-c436b1887e3a" executionId="cb21c3e4-8ba9-4f5f-a439-96a788b7af89" testListId="8c84fa94-04c1-424b-9868-57a2d4851a1d" />
  </TestEntries>
  <TestLists>
    <TestList name="Results Not in a List" id="8c84fa94-04c1-424b-9868-57a2d4851a1d" />
    <TestList name="All Loaded Results" id="19431567-8539-422a-85d7-44ee4e166bda" />
  </TestLists>
  <ResultSummary outcome="Completed">
    <Counters total="1" executed="1" passed="1" failed="0" error="0" timeout="0" aborted="0" inconclusive="0" passedButRunAborted="0" notRunnable="0" notExecuted="0" disconnected="0" warning="0" completed="0" inProgress="0" pending="0" />
  </ResultSummary>
</TestRun>